[0.022s] Invoking command in '/home/baymax/dev_ws/build/bt_controller': CMAKE_PREFIX_PATH=${CMAKE_PREFIX_PATH}:/home/baymax/turtlebot4_ws/install/turtlebot4_tests:/home/baymax/turtlebot4_ws/install/turtlebot4_diagnostics:/home/baymax/turtlebot4_ws/install/create3_teleop:/home/baymax/turtlebot4_ws/install/create3_examples_py:/opt/ros/humble /usr/bin/cmake /home/baymax/dev_ws/src/bt_controller -DCMAKE_INSTALL_PREFIX=/home/baymax/dev_ws/install/bt_controller
[0.098s] -- The C compiler identification is GNU 11.4.0
[0.190s] -- The CXX compiler identification is GNU 11.4.0
[0.199s] -- Detecting C compiler ABI info
[0.302s] -- Detecting C compiler ABI info - done
[0.318s] -- Check for working C compiler: /usr/bin/cc - skipped
[0.319s] -- Detecting C compile features
[0.320s] -- Detecting C compile features - done
[0.324s] -- Detecting CXX compiler ABI info
[0.434s] -- Detecting CXX compiler ABI info - done
[0.445s] -- Check for working CXX compiler: /usr/bin/c++ - skipped
[0.445s] -- Detecting CXX compile features
[0.446s] -- Detecting CXX compile features - done
[0.453s] -- Found ament_cmake: 1.3.12 (/opt/ros/humble/share/ament_cmake/cmake)
[0.690s] -- Found Python3: /usr/bin/python3 (found version "3.10.12") found components: Interpreter 
[0.855s] -- Found rclcpp: 16.0.17 (/opt/ros/humble/share/rclcpp/cmake)
[0.946s] -- Found rosidl_generator_c: 3.1.8 (/opt/ros/humble/share/rosidl_generator_c/cmake)
[0.958s] -- Found rosidl_adapter: 3.1.8 (/opt/ros/humble/share/rosidl_adapter/cmake)
[0.975s] -- Found rosidl_generator_cpp: 3.1.8 (/opt/ros/humble/share/rosidl_generator_cpp/cmake)
[0.999s] -- Using all available rosidl_typesupport_c: rosidl_typesupport_fastrtps_c;rosidl_typesupport_introspection_c
[1.032s] -- Using all available rosidl_typesupport_cpp: rosidl_typesupport_fastrtps_cpp;rosidl_typesupport_introspection_cpp
[1.128s] -- Found rmw_implementation_cmake: 6.1.2 (/opt/ros/humble/share/rmw_implementation_cmake/cmake)
[1.136s] -- Found rmw_fastrtps_cpp: 6.2.9 (/opt/ros/humble/share/rmw_fastrtps_cpp/cmake)
[1.274s] -- Found OpenSSL: /usr/lib/x86_64-linux-gnu/libcrypto.so (found version "3.0.2")  
[1.313s] -- Found FastRTPS: /opt/ros/humble/include  
[1.374s] -- Using RMW implementation 'rmw_fastrtps_cpp' as default
[1.393s] -- Looking for pthread.h
[1.484s] -- Looking for pthread.h - found
[1.485s] -- Performing Test CMAKE_HAVE_LIBC_PTHREAD
[1.582s] -- Performing Test CMAKE_HAVE_LIBC_PTHREAD - Success
[1.583s] -- Found Threads: TRUE  
[1.663s] -- Found geometry_msgs: 4.9.0 (/opt/ros/humble/share/geometry_msgs/cmake)
[1.682s] -- Found sensor_msgs: 4.9.0 (/opt/ros/humble/share/sensor_msgs/cmake)
[1.708s] -- Found nav_msgs: 4.9.0 (/opt/ros/humble/share/nav_msgs/cmake)
[1.737s] -- Found tf2: 0.25.18 (/opt/ros/humble/share/tf2/cmake)
[1.757s] -- Found tf2_ros: 0.25.18 (/opt/ros/humble/share/tf2_ros/cmake)
[1.899s] -- Found tf2_geometry_msgs: 0.25.18 (/opt/ros/humble/share/tf2_geometry_msgs/cmake)
[1.931s] -- Found eigen3_cmake_module: 0.1.1 (/opt/ros/humble/share/eigen3_cmake_module/cmake)
[1.933s] -- Found Eigen3: TRUE (found version "3.4.0") 
[1.933s] -- Ensuring Eigen3 include directory is part of orocos-kdl CMake target
[2.016s] -- Configuring done
[2.035s] -- Generating done
[2.043s] -- Build files have been written to: /home/baymax/dev_ws/build/bt_controller
[2.054s] Invoked command in '/home/baymax/dev_ws/build/bt_controller' returned '0': CMAKE_PREFIX_PATH=${CMAKE_PREFIX_PATH}:/home/baymax/turtlebot4_ws/install/turtlebot4_tests:/home/baymax/turtlebot4_ws/install/turtlebot4_diagnostics:/home/baymax/turtlebot4_ws/install/create3_teleop:/home/baymax/turtlebot4_ws/install/create3_examples_py:/opt/ros/humble /usr/bin/cmake /home/baymax/dev_ws/src/bt_controller -DCMAKE_INSTALL_PREFIX=/home/baymax/dev_ws/install/bt_controller
[2.057s] Invoking command in '/home/baymax/dev_ws/build/bt_controller': CMAKE_PREFIX_PATH=${CMAKE_PREFIX_PATH}:/home/baymax/turtlebot4_ws/install/turtlebot4_tests:/home/baymax/turtlebot4_ws/install/turtlebot4_diagnostics:/home/baymax/turtlebot4_ws/install/create3_teleop:/home/baymax/turtlebot4_ws/install/create3_examples_py:/opt/ros/humble /usr/bin/cmake --build /home/baymax/dev_ws/build/bt_controller -- -j8 -l8
[2.127s] [ 50%] [32mBuilding CXX object CMakeFiles/bt_main.dir/src/bt_main.cpp.o[0m
[16.151s] [100%] [32m[1mLinking CXX executable bt_main[0m
[16.990s] [100%] Built target bt_main
[17.006s] Invoked command in '/home/baymax/dev_ws/build/bt_controller' returned '0': CMAKE_PREFIX_PATH=${CMAKE_PREFIX_PATH}:/home/baymax/turtlebot4_ws/install/turtlebot4_tests:/home/baymax/turtlebot4_ws/install/turtlebot4_diagnostics:/home/baymax/turtlebot4_ws/install/create3_teleop:/home/baymax/turtlebot4_ws/install/create3_examples_py:/opt/ros/humble /usr/bin/cmake --build /home/baymax/dev_ws/build/bt_controller -- -j8 -l8
[17.009s] Invoking command in '/home/baymax/dev_ws/build/bt_controller': CMAKE_PREFIX_PATH=${CMAKE_PREFIX_PATH}:/home/baymax/turtlebot4_ws/install/turtlebot4_tests:/home/baymax/turtlebot4_ws/install/turtlebot4_diagnostics:/home/baymax/turtlebot4_ws/install/create3_teleop:/home/baymax/turtlebot4_ws/install/create3_examples_py:/opt/ros/humble /usr/bin/cmake --install /home/baymax/dev_ws/build/bt_controller
[17.019s] -- Install configuration: ""
[17.019s] -- Installing: /home/baymax/dev_ws/install/bt_controller/lib/bt_controller/bt_main
[17.027s] -- Set runtime path of "/home/baymax/dev_ws/install/bt_controller/lib/bt_controller/bt_main" to ""
[17.027s] -- Installing: /home/baymax/dev_ws/install/bt_controller/share/bt_controller/bt_xml
[17.027s] -- Installing: /home/baymax/dev_ws/install/bt_controller/share/bt_controller/bt_xml/simple_bt.xml
[17.027s] -- Installing: /home/baymax/dev_ws/install/bt_controller/share/ament_index/resource_index/package_run_dependencies/bt_controller
[17.027s] -- Installing: /home/baymax/dev_ws/install/bt_controller/share/ament_index/resource_index/parent_prefix_path/bt_controller
[17.028s] -- Installing: /home/baymax/dev_ws/install/bt_controller/share/bt_controller/environment/ament_prefix_path.sh
[17.028s] -- Installing: /home/baymax/dev_ws/install/bt_controller/share/bt_controller/environment/ament_prefix_path.dsv
[17.028s] -- Installing: /home/baymax/dev_ws/install/bt_controller/share/bt_controller/environment/path.sh
[17.028s] -- Installing: /home/baymax/dev_ws/install/bt_controller/share/bt_controller/environment/path.dsv
[17.028s] -- Installing: /home/baymax/dev_ws/install/bt_controller/share/bt_controller/local_setup.bash
[17.028s] -- Installing: /home/baymax/dev_ws/install/bt_controller/share/bt_controller/local_setup.sh
[17.028s] -- Installing: /home/baymax/dev_ws/install/bt_controller/share/bt_controller/local_setup.zsh
[17.029s] -- Installing: /home/baymax/dev_ws/install/bt_controller/share/bt_controller/local_setup.dsv
[17.029s] -- Installing: /home/baymax/dev_ws/install/bt_controller/share/bt_controller/package.dsv
[17.029s] -- Installing: /home/baymax/dev_ws/install/bt_controller/share/ament_index/resource_index/packages/bt_controller
[17.029s] -- Installing: /home/baymax/dev_ws/install/bt_controller/share/bt_controller/cmake/bt_controllerConfig.cmake
[17.029s] -- Installing: /home/baymax/dev_ws/install/bt_controller/share/bt_controller/cmake/bt_controllerConfig-version.cmake
[17.030s] -- Installing: /home/baymax/dev_ws/install/bt_controller/share/bt_controller/package.xml
[17.032s] Invoked command in '/home/baymax/dev_ws/build/bt_controller' returned '0': CMAKE_PREFIX_PATH=${CMAKE_PREFIX_PATH}:/home/baymax/turtlebot4_ws/install/turtlebot4_tests:/home/baymax/turtlebot4_ws/install/turtlebot4_diagnostics:/home/baymax/turtlebot4_ws/install/create3_teleop:/home/baymax/turtlebot4_ws/install/create3_examples_py:/opt/ros/humble /usr/bin/cmake --install /home/baymax/dev_ws/build/bt_controller
