[0.130s] DEBUG:colcon:Command line arguments: ['/usr/bin/colcon', 'build']
[0.130s] DEBUG:colcon:Parsed command line arguments: Namespace(log_base=None, log_level=None, verb_name='build', build_base='build', install_base='install', merge_install=False, symlink_install=False, test_result_base=None, continue_on_error=False, executor='parallel', parallel_workers=8, event_handlers=None, ignore_user_meta=False, metas=['./colcon.meta'], base_paths=['.'], packages_ignore=None, packages_ignore_regex=None, paths=None, packages_up_to=None, packages_up_to_regex=None, packages_above=None, packages_above_and_dependencies=None, packages_above_depth=None, packages_select_by_dep=None, packages_skip_by_dep=None, packages_skip_up_to=None, packages_select_build_failed=False, packages_skip_build_finished=False, packages_select_test_failures=False, packages_skip_test_passed=False, packages_select=None, packages_skip=None, packages_select_regex=None, packages_skip_regex=None, packages_start=None, packages_end=None, allow_overriding=[], cmake_args=None, cmake_target=None, cmake_target_skip_unavailable=False, cmake_clean_cache=False, cmake_clean_first=False, cmake_force_configure=False, ament_cmake_args=None, catkin_cmake_args=None, catkin_skip_building_tests=False, verb_parser=<colcon_defaults.argument_parser.defaults.DefaultArgumentsDecorator object at 0x72bc1e0662c0>, verb_extension=<colcon_core.verb.build.BuildVerb object at 0x72bc1e065d20>, main=<bound method BuildVerb.main of <colcon_core.verb.build.BuildVerb object at 0x72bc1e065d20>>)
[0.355s] Level 1:colcon.colcon_core.package_discovery:discover_packages(colcon_meta) check parameters
[0.355s] Level 1:colcon.colcon_core.package_discovery:discover_packages(recursive) check parameters
[0.355s] Level 1:colcon.colcon_core.package_discovery:discover_packages(ignore) check parameters
[0.355s] Level 1:colcon.colcon_core.package_discovery:discover_packages(path) check parameters
[0.355s] Level 1:colcon.colcon_core.package_discovery:discover_packages(colcon_meta) discover
[0.355s] Level 1:colcon.colcon_core.package_discovery:discover_packages(recursive) discover
[0.355s] INFO:colcon.colcon_core.package_discovery:Crawling recursively for packages in '/home/baymax/dev_ws'
[0.355s] Level 1:colcon.colcon_core.package_identification:_identify(.) by extensions ['ignore', 'ignore_ament_install']
[0.355s] Level 1:colcon.colcon_core.package_identification:_identify(.) by extension 'ignore'
[0.356s] Level 1:colcon.colcon_core.package_identification:_identify(.) by extension 'ignore_ament_install'
[0.356s] Level 1:colcon.colcon_core.package_identification:_identify(.) by extensions ['colcon_pkg']
[0.356s] Level 1:colcon.colcon_core.package_identification:_identify(.) by extension 'colcon_pkg'
[0.356s] Level 1:colcon.colcon_core.package_identification:_identify(.) by extensions ['colcon_meta']
[0.356s] Level 1:colcon.colcon_core.package_identification:_identify(.) by extension 'colcon_meta'
[0.356s] Level 1:colcon.colcon_core.package_identification:_identify(.) by extensions ['ros']
[0.356s] Level 1:colcon.colcon_core.package_identification:_identify(.) by extension 'ros'
[0.376s] Level 1:colcon.colcon_core.package_identification:_identify(.) by extensions ['cmake', 'python']
[0.376s] Level 1:colcon.colcon_core.package_identification:_identify(.) by extension 'cmake'
[0.376s] Level 1:colcon.colcon_core.package_identification:_identify(.) by extension 'python'
[0.376s] Level 1:colcon.colcon_core.package_identification:_identify(.) by extensions ['python_setup_py']
[0.376s] Level 1:colcon.colcon_core.package_identification:_identify(.) by extension 'python_setup_py'
[0.377s] Level 1:colcon.colcon_core.package_identification:_identify(build) by extensions ['ignore', 'ignore_ament_install']
[0.377s] Level 1:colcon.colcon_core.package_identification:_identify(build) by extension 'ignore'
[0.377s] Level 1:colcon.colcon_core.package_identification:_identify(build) ignored
[0.377s] Level 1:colcon.colcon_core.package_identification:_identify(install) by extensions ['ignore', 'ignore_ament_install']
[0.377s] Level 1:colcon.colcon_core.package_identification:_identify(install) by extension 'ignore'
[0.377s] Level 1:colcon.colcon_core.package_identification:_identify(install) ignored
[0.377s] Level 1:colcon.colcon_core.package_identification:_identify(log) by extensions ['ignore', 'ignore_ament_install']
[0.377s] Level 1:colcon.colcon_core.package_identification:_identify(log) by extension 'ignore'
[0.377s] Level 1:colcon.colcon_core.package_identification:_identify(log) ignored
[0.377s] Level 1:colcon.colcon_core.package_identification:_identify(src) by extensions ['ignore', 'ignore_ament_install']
[0.378s] Level 1:colcon.colcon_core.package_identification:_identify(src) by extension 'ignore'
[0.378s] Level 1:colcon.colcon_core.package_identification:_identify(src) by extension 'ignore_ament_install'
[0.378s] Level 1:colcon.colcon_core.package_identification:_identify(src) by extensions ['colcon_pkg']
[0.378s] Level 1:colcon.colcon_core.package_identification:_identify(src) by extension 'colcon_pkg'
[0.378s] Level 1:colcon.colcon_core.package_identification:_identify(src) by extensions ['colcon_meta']
[0.378s] Level 1:colcon.colcon_core.package_identification:_identify(src) by extension 'colcon_meta'
[0.378s] Level 1:colcon.colcon_core.package_identification:_identify(src) by extensions ['ros']
[0.378s] Level 1:colcon.colcon_core.package_identification:_identify(src) by extension 'ros'
[0.378s] Level 1:colcon.colcon_core.package_identification:_identify(src) by extensions ['cmake', 'python']
[0.378s] Level 1:colcon.colcon_core.package_identification:_identify(src) by extension 'cmake'
[0.378s] Level 1:colcon.colcon_core.package_identification:_identify(src) by extension 'python'
[0.378s] Level 1:colcon.colcon_core.package_identification:_identify(src) by extensions ['python_setup_py']
[0.378s] Level 1:colcon.colcon_core.package_identification:_identify(src) by extension 'python_setup_py'
[0.378s] Level 1:colcon.colcon_core.package_identification:_identify(src/articubot_one) by extensions ['ignore', 'ignore_ament_install']
[0.378s] Level 1:colcon.colcon_core.package_identification:_identify(src/articubot_one) by extension 'ignore'
[0.378s] Level 1:colcon.colcon_core.package_identification:_identify(src/articubot_one) by extension 'ignore_ament_install'
[0.378s] Level 1:colcon.colcon_core.package_identification:_identify(src/articubot_one) by extensions ['colcon_pkg']
[0.379s] Level 1:colcon.colcon_core.package_identification:_identify(src/articubot_one) by extension 'colcon_pkg'
[0.379s] Level 1:colcon.colcon_core.package_identification:_identify(src/articubot_one) by extensions ['colcon_meta']
[0.379s] Level 1:colcon.colcon_core.package_identification:_identify(src/articubot_one) by extension 'colcon_meta'
[0.379s] Level 1:colcon.colcon_core.package_identification:_identify(src/articubot_one) by extensions ['ros']
[0.379s] Level 1:colcon.colcon_core.package_identification:_identify(src/articubot_one) by extension 'ros'
[0.381s] DEBUG:colcon.colcon_core.package_identification:Package 'src/articubot_one' with type 'ros.ament_cmake' and name 'articubot_one'
[0.382s] Level 1:colcon.colcon_core.package_identification:_identify(src/bt_controller) by extensions ['ignore', 'ignore_ament_install']
[0.382s] Level 1:colcon.colcon_core.package_identification:_identify(src/bt_controller) by extension 'ignore'
[0.382s] Level 1:colcon.colcon_core.package_identification:_identify(src/bt_controller) by extension 'ignore_ament_install'
[0.382s] Level 1:colcon.colcon_core.package_identification:_identify(src/bt_controller) by extensions ['colcon_pkg']
[0.382s] Level 1:colcon.colcon_core.package_identification:_identify(src/bt_controller) by extension 'colcon_pkg'
[0.382s] Level 1:colcon.colcon_core.package_identification:_identify(src/bt_controller) by extensions ['colcon_meta']
[0.382s] Level 1:colcon.colcon_core.package_identification:_identify(src/bt_controller) by extension 'colcon_meta'
[0.382s] Level 1:colcon.colcon_core.package_identification:_identify(src/bt_controller) by extensions ['ros']
[0.382s] Level 1:colcon.colcon_core.package_identification:_identify(src/bt_controller) by extension 'ros'
[0.383s] DEBUG:colcon.colcon_core.package_identification:Package 'src/bt_controller' with type 'ros.ament_cmake' and name 'bt_controller'
[0.383s] Level 1:colcon.colcon_core.package_discovery:discover_packages(recursive) using defaults
[0.383s] Level 1:colcon.colcon_core.package_discovery:discover_packages(ignore) discover
[0.383s] Level 1:colcon.colcon_core.package_discovery:discover_packages(ignore) using defaults
[0.383s] Level 1:colcon.colcon_core.package_discovery:discover_packages(path) discover
[0.383s] Level 1:colcon.colcon_core.package_discovery:discover_packages(path) using defaults
[0.406s] Level 1:colcon.colcon_core.package_discovery:discover_packages(prefix_path) check parameters
[0.406s] Level 1:colcon.colcon_core.package_discovery:discover_packages(prefix_path) discover
[0.407s] WARNING:colcon.colcon_ros.prefix_path.ament:The path '/home/baymax/dev_ws/install/bt_controller' in the environment variable AMENT_PREFIX_PATH doesn't exist
[0.407s] WARNING:colcon.colcon_ros.prefix_path.ament:The path '/home/baymax/dev_ws/install/articubot_one' in the environment variable AMENT_PREFIX_PATH doesn't exist
[0.408s] WARNING:colcon.colcon_ros.prefix_path.catkin:The path '/home/baymax/dev_ws/install/bt_controller' in the environment variable CMAKE_PREFIX_PATH doesn't exist
[0.408s] WARNING:colcon.colcon_ros.prefix_path.catkin:The path '/home/baymax/dev_ws/install/articubot_one' in the environment variable CMAKE_PREFIX_PATH doesn't exist
[0.409s] DEBUG:colcon.colcon_installed_package_information.package_discovery:Found 0 installed packages in /home/baymax/dev_ws/install
[0.410s] DEBUG:colcon.colcon_installed_package_information.package_discovery:Found 17 installed packages in /home/baymax/turtlebot4_ws/install
[0.410s] DEBUG:colcon.colcon_installed_package_information.package_discovery:Found 1 installed packages in /home/baymax/micro_ros_ws/install
[0.411s] DEBUG:colcon.colcon_installed_package_information.package_discovery:Found 4 installed packages in /home/baymax/microros_ws/install
[0.413s] DEBUG:colcon.colcon_installed_package_information.package_discovery:Found 422 installed packages in /opt/ros/humble
[0.416s] Level 1:colcon.colcon_core.package_discovery:discover_packages(prefix_path) using defaults
[0.477s] Level 5:colcon.colcon_core.verb:set package 'articubot_one' build argument 'cmake_args' from command line to 'None'
[0.477s] Level 5:colcon.colcon_core.verb:set package 'articubot_one' build argument 'cmake_target' from command line to 'None'
[0.477s] Level 5:colcon.colcon_core.verb:set package 'articubot_one' build argument 'cmake_target_skip_unavailable' from command line to 'False'
[0.477s] Level 5:colcon.colcon_core.verb:set package 'articubot_one' build argument 'cmake_clean_cache' from command line to 'False'
[0.477s] Level 5:colcon.colcon_core.verb:set package 'articubot_one' build argument 'cmake_clean_first' from command line to 'False'
[0.477s] Level 5:colcon.colcon_core.verb:set package 'articubot_one' build argument 'cmake_force_configure' from command line to 'False'
[0.477s] Level 5:colcon.colcon_core.verb:set package 'articubot_one' build argument 'ament_cmake_args' from command line to 'None'
[0.477s] Level 5:colcon.colcon_core.verb:set package 'articubot_one' build argument 'catkin_cmake_args' from command line to 'None'
[0.477s] Level 5:colcon.colcon_core.verb:set package 'articubot_one' build argument 'catkin_skip_building_tests' from command line to 'False'
[0.477s] DEBUG:colcon.colcon_core.verb:Building package 'articubot_one' with the following arguments: {'ament_cmake_args': None, 'build_base': '/home/baymax/dev_ws/build/articubot_one', 'catkin_cmake_args': None, 'catkin_skip_building_tests': False, 'cmake_args': None, 'cmake_clean_cache': False, 'cmake_clean_first': False, 'cmake_force_configure': False, 'cmake_target': None, 'cmake_target_skip_unavailable': False, 'install_base': '/home/baymax/dev_ws/install/articubot_one', 'merge_install': False, 'path': '/home/baymax/dev_ws/src/articubot_one', 'symlink_install': False, 'test_result_base': None}
[0.478s] Level 5:colcon.colcon_core.verb:set package 'bt_controller' build argument 'cmake_args' from command line to 'None'
[0.478s] Level 5:colcon.colcon_core.verb:set package 'bt_controller' build argument 'cmake_target' from command line to 'None'
[0.478s] Level 5:colcon.colcon_core.verb:set package 'bt_controller' build argument 'cmake_target_skip_unavailable' from command line to 'False'
[0.478s] Level 5:colcon.colcon_core.verb:set package 'bt_controller' build argument 'cmake_clean_cache' from command line to 'False'
[0.478s] Level 5:colcon.colcon_core.verb:set package 'bt_controller' build argument 'cmake_clean_first' from command line to 'False'
[0.478s] Level 5:colcon.colcon_core.verb:set package 'bt_controller' build argument 'cmake_force_configure' from command line to 'False'
[0.478s] Level 5:colcon.colcon_core.verb:set package 'bt_controller' build argument 'ament_cmake_args' from command line to 'None'
[0.478s] Level 5:colcon.colcon_core.verb:set package 'bt_controller' build argument 'catkin_cmake_args' from command line to 'None'
[0.478s] Level 5:colcon.colcon_core.verb:set package 'bt_controller' build argument 'catkin_skip_building_tests' from command line to 'False'
[0.478s] DEBUG:colcon.colcon_core.verb:Building package 'bt_controller' with the following arguments: {'ament_cmake_args': None, 'build_base': '/home/baymax/dev_ws/build/bt_controller', 'catkin_cmake_args': None, 'catkin_skip_building_tests': False, 'cmake_args': None, 'cmake_clean_cache': False, 'cmake_clean_first': False, 'cmake_force_configure': False, 'cmake_target': None, 'cmake_target_skip_unavailable': False, 'install_base': '/home/baymax/dev_ws/install/bt_controller', 'merge_install': False, 'path': '/home/baymax/dev_ws/src/bt_controller', 'symlink_install': False, 'test_result_base': None}
[0.478s] INFO:colcon.colcon_core.executor:Executing jobs using 'parallel' executor
[0.479s] DEBUG:colcon.colcon_parallel_executor.executor.parallel:run_until_complete
[0.480s] INFO:colcon.colcon_ros.task.ament_cmake.build:Building ROS package in '/home/baymax/dev_ws/src/articubot_one' with build type 'ament_cmake'
[0.480s] INFO:colcon.colcon_cmake.task.cmake.build:Building CMake package in '/home/baymax/dev_ws/src/articubot_one'
[0.482s] INFO:colcon.colcon_core.plugin_system:Skipping extension 'colcon_core.shell.bat': Not used on non-Windows systems
[0.482s] INFO:colcon.colcon_core.shell:Skip shell extension 'powershell' for command environment: Not usable outside of PowerShell
[0.482s] DEBUG:colcon.colcon_core.shell:Skip shell extension 'dsv' for command environment
[0.490s] INFO:colcon.colcon_ros.task.ament_cmake.build:Building ROS package in '/home/baymax/dev_ws/src/bt_controller' with build type 'ament_cmake'
[0.490s] INFO:colcon.colcon_cmake.task.cmake.build:Building CMake package in '/home/baymax/dev_ws/src/bt_controller'
[0.490s] INFO:colcon.colcon_core.shell:Skip shell extension 'powershell' for command environment: Not usable outside of PowerShell
[0.490s] DEBUG:colcon.colcon_core.shell:Skip shell extension 'dsv' for command environment
[0.505s] DEBUG:colcon.colcon_core.event_handler.log_command:Invoking command in '/home/baymax/dev_ws/build/articubot_one': CMAKE_PREFIX_PATH=${CMAKE_PREFIX_PATH}:/home/baymax/turtlebot4_ws/install/turtlebot4_tests:/home/baymax/turtlebot4_ws/install/turtlebot4_diagnostics:/home/baymax/turtlebot4_ws/install/create3_teleop:/home/baymax/turtlebot4_ws/install/create3_examples_py:/opt/ros/humble /usr/bin/cmake /home/baymax/dev_ws/src/articubot_one -DCMAKE_INSTALL_PREFIX=/home/baymax/dev_ws/install/articubot_one
[0.513s] DEBUG:colcon.colcon_core.event_handler.log_command:Invoking command in '/home/baymax/dev_ws/build/bt_controller': CMAKE_PREFIX_PATH=${CMAKE_PREFIX_PATH}:/home/baymax/turtlebot4_ws/install/turtlebot4_tests:/home/baymax/turtlebot4_ws/install/turtlebot4_diagnostics:/home/baymax/turtlebot4_ws/install/create3_teleop:/home/baymax/turtlebot4_ws/install/create3_examples_py:/opt/ros/humble /usr/bin/cmake /home/baymax/dev_ws/src/bt_controller -DCMAKE_INSTALL_PREFIX=/home/baymax/dev_ws/install/bt_controller
[1.529s] DEBUG:colcon.colcon_core.event_handler.log_command:Invoked command in '/home/baymax/dev_ws/build/articubot_one' returned '0': CMAKE_PREFIX_PATH=${CMAKE_PREFIX_PATH}:/home/baymax/turtlebot4_ws/install/turtlebot4_tests:/home/baymax/turtlebot4_ws/install/turtlebot4_diagnostics:/home/baymax/turtlebot4_ws/install/create3_teleop:/home/baymax/turtlebot4_ws/install/create3_examples_py:/opt/ros/humble /usr/bin/cmake /home/baymax/dev_ws/src/articubot_one -DCMAKE_INSTALL_PREFIX=/home/baymax/dev_ws/install/articubot_one
[1.531s] DEBUG:colcon.colcon_core.event_handler.log_command:Invoking command in '/home/baymax/dev_ws/build/articubot_one': CMAKE_PREFIX_PATH=${CMAKE_PREFIX_PATH}:/home/baymax/turtlebot4_ws/install/turtlebot4_tests:/home/baymax/turtlebot4_ws/install/turtlebot4_diagnostics:/home/baymax/turtlebot4_ws/install/create3_teleop:/home/baymax/turtlebot4_ws/install/create3_examples_py:/opt/ros/humble /usr/bin/cmake --build /home/baymax/dev_ws/build/articubot_one -- -j8 -l8
[1.584s] DEBUG:colcon.colcon_core.event_handler.log_command:Invoked command in '/home/baymax/dev_ws/build/articubot_one' returned '0': CMAKE_PREFIX_PATH=${CMAKE_PREFIX_PATH}:/home/baymax/turtlebot4_ws/install/turtlebot4_tests:/home/baymax/turtlebot4_ws/install/turtlebot4_diagnostics:/home/baymax/turtlebot4_ws/install/create3_teleop:/home/baymax/turtlebot4_ws/install/create3_examples_py:/opt/ros/humble /usr/bin/cmake --build /home/baymax/dev_ws/build/articubot_one -- -j8 -l8
[1.597s] DEBUG:colcon.colcon_core.event_handler.log_command:Invoking command in '/home/baymax/dev_ws/build/articubot_one': CMAKE_PREFIX_PATH=${CMAKE_PREFIX_PATH}:/home/baymax/turtlebot4_ws/install/turtlebot4_tests:/home/baymax/turtlebot4_ws/install/turtlebot4_diagnostics:/home/baymax/turtlebot4_ws/install/create3_teleop:/home/baymax/turtlebot4_ws/install/create3_examples_py:/opt/ros/humble /usr/bin/cmake --install /home/baymax/dev_ws/build/articubot_one
[1.618s] Level 1:colcon.colcon_core.environment:create_environment_scripts_only(articubot_one)
[1.618s] DEBUG:colcon.colcon_core.event_handler.log_command:Invoked command in '/home/baymax/dev_ws/build/articubot_one' returned '0': CMAKE_PREFIX_PATH=${CMAKE_PREFIX_PATH}:/home/baymax/turtlebot4_ws/install/turtlebot4_tests:/home/baymax/turtlebot4_ws/install/turtlebot4_diagnostics:/home/baymax/turtlebot4_ws/install/create3_teleop:/home/baymax/turtlebot4_ws/install/create3_examples_py:/opt/ros/humble /usr/bin/cmake --install /home/baymax/dev_ws/build/articubot_one
[1.621s] Level 1:colcon.colcon_core.environment:checking '/home/baymax/dev_ws/install/articubot_one' for CMake module files
[1.621s] Level 1:colcon.colcon_core.environment:checking '/home/baymax/dev_ws/install/articubot_one' for CMake config files
[1.622s] Level 1:colcon.colcon_core.shell:create_environment_hook('articubot_one', 'cmake_prefix_path')
[1.622s] INFO:colcon.colcon_core.shell:Creating environment hook '/home/baymax/dev_ws/install/articubot_one/share/articubot_one/hook/cmake_prefix_path.ps1'
[1.622s] INFO:colcon.colcon_core.shell:Creating environment descriptor '/home/baymax/dev_ws/install/articubot_one/share/articubot_one/hook/cmake_prefix_path.dsv'
[1.623s] INFO:colcon.colcon_core.shell:Creating environment hook '/home/baymax/dev_ws/install/articubot_one/share/articubot_one/hook/cmake_prefix_path.sh'
[1.624s] Level 1:colcon.colcon_core.environment:checking '/home/baymax/dev_ws/install/articubot_one/bin'
[1.624s] Level 1:colcon.colcon_core.environment:checking '/home/baymax/dev_ws/install/articubot_one/lib/pkgconfig/articubot_one.pc'
[1.624s] Level 1:colcon.colcon_core.environment:checking '/home/baymax/dev_ws/install/articubot_one/lib/python3.10/site-packages'
[1.624s] Level 1:colcon.colcon_core.environment:checking '/home/baymax/dev_ws/install/articubot_one/bin'
[1.625s] INFO:colcon.colcon_core.shell:Creating package script '/home/baymax/dev_ws/install/articubot_one/share/articubot_one/package.ps1'
[1.625s] INFO:colcon.colcon_core.shell:Creating package descriptor '/home/baymax/dev_ws/install/articubot_one/share/articubot_one/package.dsv'
[1.626s] INFO:colcon.colcon_core.shell:Creating package script '/home/baymax/dev_ws/install/articubot_one/share/articubot_one/package.sh'
[1.627s] INFO:colcon.colcon_core.shell:Creating package script '/home/baymax/dev_ws/install/articubot_one/share/articubot_one/package.bash'
[1.628s] INFO:colcon.colcon_core.shell:Creating package script '/home/baymax/dev_ws/install/articubot_one/share/articubot_one/package.zsh'
[1.628s] Level 1:colcon.colcon_core.environment:create_file_with_runtime_dependencies(/home/baymax/dev_ws/install/articubot_one/share/colcon-core/packages/articubot_one)
[1.629s] Level 1:colcon.colcon_core.environment:create_environment_scripts_only(articubot_one)
[1.629s] Level 1:colcon.colcon_core.environment:checking '/home/baymax/dev_ws/install/articubot_one' for CMake module files
[1.630s] Level 1:colcon.colcon_core.environment:checking '/home/baymax/dev_ws/install/articubot_one' for CMake config files
[1.630s] Level 1:colcon.colcon_core.shell:create_environment_hook('articubot_one', 'cmake_prefix_path')
[1.630s] INFO:colcon.colcon_core.shell:Creating environment hook '/home/baymax/dev_ws/install/articubot_one/share/articubot_one/hook/cmake_prefix_path.ps1'
[1.631s] INFO:colcon.colcon_core.shell:Creating environment descriptor '/home/baymax/dev_ws/install/articubot_one/share/articubot_one/hook/cmake_prefix_path.dsv'
[1.631s] INFO:colcon.colcon_core.shell:Creating environment hook '/home/baymax/dev_ws/install/articubot_one/share/articubot_one/hook/cmake_prefix_path.sh'
[1.632s] Level 1:colcon.colcon_core.environment:checking '/home/baymax/dev_ws/install/articubot_one/bin'
[1.632s] Level 1:colcon.colcon_core.environment:checking '/home/baymax/dev_ws/install/articubot_one/lib/pkgconfig/articubot_one.pc'
[1.632s] Level 1:colcon.colcon_core.environment:checking '/home/baymax/dev_ws/install/articubot_one/lib/python3.10/site-packages'
[1.632s] Level 1:colcon.colcon_core.environment:checking '/home/baymax/dev_ws/install/articubot_one/bin'
[1.633s] INFO:colcon.colcon_core.shell:Creating package script '/home/baymax/dev_ws/install/articubot_one/share/articubot_one/package.ps1'
[1.633s] INFO:colcon.colcon_core.shell:Creating package descriptor '/home/baymax/dev_ws/install/articubot_one/share/articubot_one/package.dsv'
[1.634s] INFO:colcon.colcon_core.shell:Creating package script '/home/baymax/dev_ws/install/articubot_one/share/articubot_one/package.sh'
[1.634s] INFO:colcon.colcon_core.shell:Creating package script '/home/baymax/dev_ws/install/articubot_one/share/articubot_one/package.bash'
[1.635s] INFO:colcon.colcon_core.shell:Creating package script '/home/baymax/dev_ws/install/articubot_one/share/articubot_one/package.zsh'
[1.635s] Level 1:colcon.colcon_core.environment:create_file_with_runtime_dependencies(/home/baymax/dev_ws/install/articubot_one/share/colcon-core/packages/articubot_one)
[2.545s] DEBUG:colcon.colcon_core.event_handler.log_command:Invoked command in '/home/baymax/dev_ws/build/bt_controller' returned '0': CMAKE_PREFIX_PATH=${CMAKE_PREFIX_PATH}:/home/baymax/turtlebot4_ws/install/turtlebot4_tests:/home/baymax/turtlebot4_ws/install/turtlebot4_diagnostics:/home/baymax/turtlebot4_ws/install/create3_teleop:/home/baymax/turtlebot4_ws/install/create3_examples_py:/opt/ros/humble /usr/bin/cmake /home/baymax/dev_ws/src/bt_controller -DCMAKE_INSTALL_PREFIX=/home/baymax/dev_ws/install/bt_controller
[2.548s] DEBUG:colcon.colcon_core.event_handler.log_command:Invoking command in '/home/baymax/dev_ws/build/bt_controller': CMAKE_PREFIX_PATH=${CMAKE_PREFIX_PATH}:/home/baymax/turtlebot4_ws/install/turtlebot4_tests:/home/baymax/turtlebot4_ws/install/turtlebot4_diagnostics:/home/baymax/turtlebot4_ws/install/create3_teleop:/home/baymax/turtlebot4_ws/install/create3_examples_py:/opt/ros/humble /usr/bin/cmake --build /home/baymax/dev_ws/build/bt_controller -- -j8 -l8
[17.497s] DEBUG:colcon.colcon_core.event_handler.log_command:Invoked command in '/home/baymax/dev_ws/build/bt_controller' returned '0': CMAKE_PREFIX_PATH=${CMAKE_PREFIX_PATH}:/home/baymax/turtlebot4_ws/install/turtlebot4_tests:/home/baymax/turtlebot4_ws/install/turtlebot4_diagnostics:/home/baymax/turtlebot4_ws/install/create3_teleop:/home/baymax/turtlebot4_ws/install/create3_examples_py:/opt/ros/humble /usr/bin/cmake --build /home/baymax/dev_ws/build/bt_controller -- -j8 -l8
[17.500s] DEBUG:colcon.colcon_core.event_handler.log_command:Invoking command in '/home/baymax/dev_ws/build/bt_controller': CMAKE_PREFIX_PATH=${CMAKE_PREFIX_PATH}:/home/baymax/turtlebot4_ws/install/turtlebot4_tests:/home/baymax/turtlebot4_ws/install/turtlebot4_diagnostics:/home/baymax/turtlebot4_ws/install/create3_teleop:/home/baymax/turtlebot4_ws/install/create3_examples_py:/opt/ros/humble /usr/bin/cmake --install /home/baymax/dev_ws/build/bt_controller
[17.522s] Level 1:colcon.colcon_core.environment:create_environment_scripts_only(bt_controller)
[17.523s] DEBUG:colcon.colcon_core.event_handler.log_command:Invoked command in '/home/baymax/dev_ws/build/bt_controller' returned '0': CMAKE_PREFIX_PATH=${CMAKE_PREFIX_PATH}:/home/baymax/turtlebot4_ws/install/turtlebot4_tests:/home/baymax/turtlebot4_ws/install/turtlebot4_diagnostics:/home/baymax/turtlebot4_ws/install/create3_teleop:/home/baymax/turtlebot4_ws/install/create3_examples_py:/opt/ros/humble /usr/bin/cmake --install /home/baymax/dev_ws/build/bt_controller
[17.523s] Level 1:colcon.colcon_core.environment:checking '/home/baymax/dev_ws/install/bt_controller' for CMake module files
[17.524s] Level 1:colcon.colcon_core.environment:checking '/home/baymax/dev_ws/install/bt_controller' for CMake config files
[17.524s] Level 1:colcon.colcon_core.shell:create_environment_hook('bt_controller', 'cmake_prefix_path')
[17.524s] INFO:colcon.colcon_core.shell:Creating environment hook '/home/baymax/dev_ws/install/bt_controller/share/bt_controller/hook/cmake_prefix_path.ps1'
[17.525s] INFO:colcon.colcon_core.shell:Creating environment descriptor '/home/baymax/dev_ws/install/bt_controller/share/bt_controller/hook/cmake_prefix_path.dsv'
[17.525s] INFO:colcon.colcon_core.shell:Creating environment hook '/home/baymax/dev_ws/install/bt_controller/share/bt_controller/hook/cmake_prefix_path.sh'
[17.526s] Level 1:colcon.colcon_core.environment:checking '/home/baymax/dev_ws/install/bt_controller/lib'
[17.526s] Level 1:colcon.colcon_core.environment:checking '/home/baymax/dev_ws/install/bt_controller/bin'
[17.526s] Level 1:colcon.colcon_core.environment:checking '/home/baymax/dev_ws/install/bt_controller/lib/pkgconfig/bt_controller.pc'
[17.526s] Level 1:colcon.colcon_core.environment:checking '/home/baymax/dev_ws/install/bt_controller/lib/python3.10/site-packages'
[17.527s] Level 1:colcon.colcon_core.environment:checking '/home/baymax/dev_ws/install/bt_controller/bin'
[17.527s] INFO:colcon.colcon_core.shell:Creating package script '/home/baymax/dev_ws/install/bt_controller/share/bt_controller/package.ps1'
[17.527s] INFO:colcon.colcon_core.shell:Creating package descriptor '/home/baymax/dev_ws/install/bt_controller/share/bt_controller/package.dsv'
[17.528s] INFO:colcon.colcon_core.shell:Creating package script '/home/baymax/dev_ws/install/bt_controller/share/bt_controller/package.sh'
[17.528s] INFO:colcon.colcon_core.shell:Creating package script '/home/baymax/dev_ws/install/bt_controller/share/bt_controller/package.bash'
[17.529s] INFO:colcon.colcon_core.shell:Creating package script '/home/baymax/dev_ws/install/bt_controller/share/bt_controller/package.zsh'
[17.529s] Level 1:colcon.colcon_core.environment:create_file_with_runtime_dependencies(/home/baymax/dev_ws/install/bt_controller/share/colcon-core/packages/bt_controller)
[17.530s] Level 1:colcon.colcon_core.environment:create_environment_scripts_only(bt_controller)
[17.530s] Level 1:colcon.colcon_core.environment:checking '/home/baymax/dev_ws/install/bt_controller' for CMake module files
[17.530s] Level 1:colcon.colcon_core.environment:checking '/home/baymax/dev_ws/install/bt_controller' for CMake config files
[17.531s] Level 1:colcon.colcon_core.shell:create_environment_hook('bt_controller', 'cmake_prefix_path')
[17.531s] INFO:colcon.colcon_core.shell:Creating environment hook '/home/baymax/dev_ws/install/bt_controller/share/bt_controller/hook/cmake_prefix_path.ps1'
[17.531s] INFO:colcon.colcon_core.shell:Creating environment descriptor '/home/baymax/dev_ws/install/bt_controller/share/bt_controller/hook/cmake_prefix_path.dsv'
[17.532s] INFO:colcon.colcon_core.shell:Creating environment hook '/home/baymax/dev_ws/install/bt_controller/share/bt_controller/hook/cmake_prefix_path.sh'
[17.532s] Level 1:colcon.colcon_core.environment:checking '/home/baymax/dev_ws/install/bt_controller/lib'
[17.532s] Level 1:colcon.colcon_core.environment:checking '/home/baymax/dev_ws/install/bt_controller/bin'
[17.532s] Level 1:colcon.colcon_core.environment:checking '/home/baymax/dev_ws/install/bt_controller/lib/pkgconfig/bt_controller.pc'
[17.533s] Level 1:colcon.colcon_core.environment:checking '/home/baymax/dev_ws/install/bt_controller/lib/python3.10/site-packages'
[17.533s] Level 1:colcon.colcon_core.environment:checking '/home/baymax/dev_ws/install/bt_controller/bin'
[17.533s] INFO:colcon.colcon_core.shell:Creating package script '/home/baymax/dev_ws/install/bt_controller/share/bt_controller/package.ps1'
[17.534s] INFO:colcon.colcon_core.shell:Creating package descriptor '/home/baymax/dev_ws/install/bt_controller/share/bt_controller/package.dsv'
[17.534s] INFO:colcon.colcon_core.shell:Creating package script '/home/baymax/dev_ws/install/bt_controller/share/bt_controller/package.sh'
[17.535s] INFO:colcon.colcon_core.shell:Creating package script '/home/baymax/dev_ws/install/bt_controller/share/bt_controller/package.bash'
[17.535s] INFO:colcon.colcon_core.shell:Creating package script '/home/baymax/dev_ws/install/bt_controller/share/bt_controller/package.zsh'
[17.535s] Level 1:colcon.colcon_core.environment:create_file_with_runtime_dependencies(/home/baymax/dev_ws/install/bt_controller/share/colcon-core/packages/bt_controller)
[17.536s] DEBUG:colcon.colcon_parallel_executor.executor.parallel:closing loop
[17.536s] DEBUG:colcon.colcon_parallel_executor.executor.parallel:loop closed
[17.536s] DEBUG:colcon.colcon_parallel_executor.executor.parallel:run_until_complete finished with '0'
[17.536s] DEBUG:colcon.colcon_core.event_reactor:joining thread
[17.543s] INFO:colcon.colcon_core.plugin_system:Skipping extension 'colcon_notification.desktop_notification.terminal_notifier': Not used on non-Darwin systems
[17.543s] INFO:colcon.colcon_core.plugin_system:Skipping extension 'colcon_notification.desktop_notification.win32': Not used on non-Windows systems
[17.543s] INFO:colcon.colcon_notification.desktop_notification:Sending desktop notification using 'notify2'
[17.558s] DEBUG:colcon.colcon_core.event_reactor:joined thread
[17.558s] INFO:colcon.colcon_core.shell:Creating prefix script '/home/baymax/dev_ws/install/local_setup.ps1'
[17.560s] INFO:colcon.colcon_core.shell:Creating prefix util module '/home/baymax/dev_ws/install/_local_setup_util_ps1.py'
[17.563s] INFO:colcon.colcon_core.shell:Creating prefix chain script '/home/baymax/dev_ws/install/setup.ps1'
[17.566s] INFO:colcon.colcon_core.shell:Creating prefix script '/home/baymax/dev_ws/install/local_setup.sh'
[17.567s] INFO:colcon.colcon_core.shell:Creating prefix util module '/home/baymax/dev_ws/install/_local_setup_util_sh.py'
[17.567s] INFO:colcon.colcon_core.shell:Creating prefix chain script '/home/baymax/dev_ws/install/setup.sh'
[17.570s] INFO:colcon.colcon_core.shell:Creating prefix script '/home/baymax/dev_ws/install/local_setup.bash'
[17.570s] INFO:colcon.colcon_core.shell:Creating prefix chain script '/home/baymax/dev_ws/install/setup.bash'
[17.573s] INFO:colcon.colcon_core.shell:Creating prefix script '/home/baymax/dev_ws/install/local_setup.zsh'
[17.573s] INFO:colcon.colcon_core.shell:Creating prefix chain script '/home/baymax/dev_ws/install/setup.zsh'
