[0.245s] DEBUG:colcon:Command line arguments: ['/usr/bin/colcon', 'build']
[0.246s] DEBUG:colcon:Parsed command line arguments: Namespace(log_base=None, log_level=None, verb_name='build', build_base='build', install_base='install', merge_install=False, symlink_install=False, test_result_base=None, continue_on_error=False, executor='parallel', parallel_workers=8, event_handlers=None, ignore_user_meta=False, metas=['./colcon.meta'], base_paths=['.'], packages_ignore=None, packages_ignore_regex=None, paths=None, packages_up_to=None, packages_up_to_regex=None, packages_above=None, packages_above_and_dependencies=None, packages_above_depth=None, packages_select_by_dep=None, packages_skip_by_dep=None, packages_skip_up_to=None, packages_select_build_failed=False, packages_skip_build_finished=False, packages_select_test_failures=False, packages_skip_test_passed=False, packages_select=None, packages_skip=None, packages_select_regex=None, packages_skip_regex=None, packages_start=None, packages_end=None, allow_overriding=[], cmake_args=None, cmake_target=None, cmake_target_skip_unavailable=False, cmake_clean_cache=False, cmake_clean_first=False, cmake_force_configure=False, ament_cmake_args=None, catkin_cmake_args=None, catkin_skip_building_tests=False, verb_parser=<colcon_defaults.argument_parser.defaults.DefaultArgumentsDecorator object at 0x7d3ebc26ac80>, verb_extension=<colcon_core.verb.build.BuildVerb object at 0x7d3ebc26a6e0>, main=<bound method BuildVerb.main of <colcon_core.verb.build.BuildVerb object at 0x7d3ebc26a6e0>>)
[0.701s] Level 1:colcon.colcon_core.package_discovery:discover_packages(colcon_meta) check parameters
[0.701s] Level 1:colcon.colcon_core.package_discovery:discover_packages(recursive) check parameters
[0.701s] Level 1:colcon.colcon_core.package_discovery:discover_packages(ignore) check parameters
[0.701s] Level 1:colcon.colcon_core.package_discovery:discover_packages(path) check parameters
[0.701s] Level 1:colcon.colcon_core.package_discovery:discover_packages(colcon_meta) discover
[0.701s] Level 1:colcon.colcon_core.package_discovery:discover_packages(recursive) discover
[0.702s] INFO:colcon.colcon_core.package_discovery:Crawling recursively for packages in '/home/baymax/dev_ws'
[0.702s] Level 1:colcon.colcon_core.package_identification:_identify(.) by extensions ['ignore', 'ignore_ament_install']
[0.702s] Level 1:colcon.colcon_core.package_identification:_identify(.) by extension 'ignore'
[0.702s] Level 1:colcon.colcon_core.package_identification:_identify(.) by extension 'ignore_ament_install'
[0.702s] Level 1:colcon.colcon_core.package_identification:_identify(.) by extensions ['colcon_pkg']
[0.702s] Level 1:colcon.colcon_core.package_identification:_identify(.) by extension 'colcon_pkg'
[0.702s] Level 1:colcon.colcon_core.package_identification:_identify(.) by extensions ['colcon_meta']
[0.702s] Level 1:colcon.colcon_core.package_identification:_identify(.) by extension 'colcon_meta'
[0.702s] Level 1:colcon.colcon_core.package_identification:_identify(.) by extensions ['ros']
[0.703s] Level 1:colcon.colcon_core.package_identification:_identify(.) by extension 'ros'
[0.754s] Level 1:colcon.colcon_core.package_identification:_identify(.) by extensions ['cmake', 'python']
[0.755s] Level 1:colcon.colcon_core.package_identification:_identify(.) by extension 'cmake'
[0.755s] Level 1:colcon.colcon_core.package_identification:_identify(.) by extension 'python'
[0.756s] Level 1:colcon.colcon_core.package_identification:_identify(.) by extensions ['python_setup_py']
[0.756s] Level 1:colcon.colcon_core.package_identification:_identify(.) by extension 'python_setup_py'
[0.757s] Level 1:colcon.colcon_core.package_identification:_identify(build) by extensions ['ignore', 'ignore_ament_install']
[0.758s] Level 1:colcon.colcon_core.package_identification:_identify(build) by extension 'ignore'
[0.758s] Level 1:colcon.colcon_core.package_identification:_identify(build) ignored
[0.758s] Level 1:colcon.colcon_core.package_identification:_identify(install) by extensions ['ignore', 'ignore_ament_install']
[0.758s] Level 1:colcon.colcon_core.package_identification:_identify(install) by extension 'ignore'
[0.759s] Level 1:colcon.colcon_core.package_identification:_identify(install) ignored
[0.759s] Level 1:colcon.colcon_core.package_identification:_identify(log) by extensions ['ignore', 'ignore_ament_install']
[0.760s] Level 1:colcon.colcon_core.package_identification:_identify(log) by extension 'ignore'
[0.760s] Level 1:colcon.colcon_core.package_identification:_identify(log) ignored
[0.760s] Level 1:colcon.colcon_core.package_identification:_identify(src) by extensions ['ignore', 'ignore_ament_install']
[0.760s] Level 1:colcon.colcon_core.package_identification:_identify(src) by extension 'ignore'
[0.760s] Level 1:colcon.colcon_core.package_identification:_identify(src) by extension 'ignore_ament_install'
[0.760s] Level 1:colcon.colcon_core.package_identification:_identify(src) by extensions ['colcon_pkg']
[0.760s] Level 1:colcon.colcon_core.package_identification:_identify(src) by extension 'colcon_pkg'
[0.760s] Level 1:colcon.colcon_core.package_identification:_identify(src) by extensions ['colcon_meta']
[0.760s] Level 1:colcon.colcon_core.package_identification:_identify(src) by extension 'colcon_meta'
[0.760s] Level 1:colcon.colcon_core.package_identification:_identify(src) by extensions ['ros']
[0.761s] Level 1:colcon.colcon_core.package_identification:_identify(src) by extension 'ros'
[0.761s] Level 1:colcon.colcon_core.package_identification:_identify(src) by extensions ['cmake', 'python']
[0.761s] Level 1:colcon.colcon_core.package_identification:_identify(src) by extension 'cmake'
[0.761s] Level 1:colcon.colcon_core.package_identification:_identify(src) by extension 'python'
[0.761s] Level 1:colcon.colcon_core.package_identification:_identify(src) by extensions ['python_setup_py']
[0.761s] Level 1:colcon.colcon_core.package_identification:_identify(src) by extension 'python_setup_py'
[0.761s] Level 1:colcon.colcon_core.package_identification:_identify(src/articubot_one) by extensions ['ignore', 'ignore_ament_install']
[0.761s] Level 1:colcon.colcon_core.package_identification:_identify(src/articubot_one) by extension 'ignore'
[0.761s] Level 1:colcon.colcon_core.package_identification:_identify(src/articubot_one) by extension 'ignore_ament_install'
[0.761s] Level 1:colcon.colcon_core.package_identification:_identify(src/articubot_one) by extensions ['colcon_pkg']
[0.761s] Level 1:colcon.colcon_core.package_identification:_identify(src/articubot_one) by extension 'colcon_pkg'
[0.762s] Level 1:colcon.colcon_core.package_identification:_identify(src/articubot_one) by extensions ['colcon_meta']
[0.762s] Level 1:colcon.colcon_core.package_identification:_identify(src/articubot_one) by extension 'colcon_meta'
[0.762s] Level 1:colcon.colcon_core.package_identification:_identify(src/articubot_one) by extensions ['ros']
[0.762s] Level 1:colcon.colcon_core.package_identification:_identify(src/articubot_one) by extension 'ros'
[0.765s] DEBUG:colcon.colcon_core.package_identification:Package 'src/articubot_one' with type 'ros.ament_cmake' and name 'articubot_one'
[0.765s] Level 1:colcon.colcon_core.package_identification:_identify(src/bt_controller) by extensions ['ignore', 'ignore_ament_install']
[0.765s] Level 1:colcon.colcon_core.package_identification:_identify(src/bt_controller) by extension 'ignore'
[0.766s] Level 1:colcon.colcon_core.package_identification:_identify(src/bt_controller) by extension 'ignore_ament_install'
[0.766s] Level 1:colcon.colcon_core.package_identification:_identify(src/bt_controller) by extensions ['colcon_pkg']
[0.766s] Level 1:colcon.colcon_core.package_identification:_identify(src/bt_controller) by extension 'colcon_pkg'
[0.766s] Level 1:colcon.colcon_core.package_identification:_identify(src/bt_controller) by extensions ['colcon_meta']
[0.766s] Level 1:colcon.colcon_core.package_identification:_identify(src/bt_controller) by extension 'colcon_meta'
[0.766s] Level 1:colcon.colcon_core.package_identification:_identify(src/bt_controller) by extensions ['ros']
[0.766s] Level 1:colcon.colcon_core.package_identification:_identify(src/bt_controller) by extension 'ros'
[0.768s] DEBUG:colcon.colcon_core.package_identification:Package 'src/bt_controller' with type 'ros.ament_cmake' and name 'bt_controller'
[0.768s] Level 1:colcon.colcon_core.package_discovery:discover_packages(recursive) using defaults
[0.768s] Level 1:colcon.colcon_core.package_discovery:discover_packages(ignore) discover
[0.768s] Level 1:colcon.colcon_core.package_discovery:discover_packages(ignore) using defaults
[0.768s] Level 1:colcon.colcon_core.package_discovery:discover_packages(path) discover
[0.768s] Level 1:colcon.colcon_core.package_discovery:discover_packages(path) using defaults
[0.816s] Level 1:colcon.colcon_core.package_discovery:discover_packages(prefix_path) check parameters
[0.816s] Level 1:colcon.colcon_core.package_discovery:discover_packages(prefix_path) discover
[0.825s] DEBUG:colcon.colcon_installed_package_information.package_discovery:Found 2 installed packages in /home/baymax/dev_ws/install
[0.827s] DEBUG:colcon.colcon_installed_package_information.package_discovery:Found 17 installed packages in /home/baymax/turtlebot4_ws/install
[0.829s] DEBUG:colcon.colcon_installed_package_information.package_discovery:Found 1 installed packages in /home/baymax/micro_ros_ws/install
[0.830s] DEBUG:colcon.colcon_installed_package_information.package_discovery:Found 4 installed packages in /home/baymax/microros_ws/install
[0.836s] DEBUG:colcon.colcon_installed_package_information.package_discovery:Found 422 installed packages in /opt/ros/humble
[0.844s] Level 1:colcon.colcon_core.package_discovery:discover_packages(prefix_path) using defaults
[0.986s] Level 5:colcon.colcon_core.verb:set package 'articubot_one' build argument 'cmake_args' from command line to 'None'
[0.987s] Level 5:colcon.colcon_core.verb:set package 'articubot_one' build argument 'cmake_target' from command line to 'None'
[0.987s] Level 5:colcon.colcon_core.verb:set package 'articubot_one' build argument 'cmake_target_skip_unavailable' from command line to 'False'
[0.987s] Level 5:colcon.colcon_core.verb:set package 'articubot_one' build argument 'cmake_clean_cache' from command line to 'False'
[0.987s] Level 5:colcon.colcon_core.verb:set package 'articubot_one' build argument 'cmake_clean_first' from command line to 'False'
[0.987s] Level 5:colcon.colcon_core.verb:set package 'articubot_one' build argument 'cmake_force_configure' from command line to 'False'
[0.987s] Level 5:colcon.colcon_core.verb:set package 'articubot_one' build argument 'ament_cmake_args' from command line to 'None'
[0.987s] Level 5:colcon.colcon_core.verb:set package 'articubot_one' build argument 'catkin_cmake_args' from command line to 'None'
[0.987s] Level 5:colcon.colcon_core.verb:set package 'articubot_one' build argument 'catkin_skip_building_tests' from command line to 'False'
[0.987s] DEBUG:colcon.colcon_core.verb:Building package 'articubot_one' with the following arguments: {'ament_cmake_args': None, 'build_base': '/home/baymax/dev_ws/build/articubot_one', 'catkin_cmake_args': None, 'catkin_skip_building_tests': False, 'cmake_args': None, 'cmake_clean_cache': False, 'cmake_clean_first': False, 'cmake_force_configure': False, 'cmake_target': None, 'cmake_target_skip_unavailable': False, 'install_base': '/home/baymax/dev_ws/install/articubot_one', 'merge_install': False, 'path': '/home/baymax/dev_ws/src/articubot_one', 'symlink_install': False, 'test_result_base': None}
[0.988s] Level 5:colcon.colcon_core.verb:set package 'bt_controller' build argument 'cmake_args' from command line to 'None'
[0.988s] Level 5:colcon.colcon_core.verb:set package 'bt_controller' build argument 'cmake_target' from command line to 'None'
[0.988s] Level 5:colcon.colcon_core.verb:set package 'bt_controller' build argument 'cmake_target_skip_unavailable' from command line to 'False'
[0.988s] Level 5:colcon.colcon_core.verb:set package 'bt_controller' build argument 'cmake_clean_cache' from command line to 'False'
[0.988s] Level 5:colcon.colcon_core.verb:set package 'bt_controller' build argument 'cmake_clean_first' from command line to 'False'
[0.988s] Level 5:colcon.colcon_core.verb:set package 'bt_controller' build argument 'cmake_force_configure' from command line to 'False'
[0.988s] Level 5:colcon.colcon_core.verb:set package 'bt_controller' build argument 'ament_cmake_args' from command line to 'None'
[0.988s] Level 5:colcon.colcon_core.verb:set package 'bt_controller' build argument 'catkin_cmake_args' from command line to 'None'
[0.988s] Level 5:colcon.colcon_core.verb:set package 'bt_controller' build argument 'catkin_skip_building_tests' from command line to 'False'
[0.988s] DEBUG:colcon.colcon_core.verb:Building package 'bt_controller' with the following arguments: {'ament_cmake_args': None, 'build_base': '/home/baymax/dev_ws/build/bt_controller', 'catkin_cmake_args': None, 'catkin_skip_building_tests': False, 'cmake_args': None, 'cmake_clean_cache': False, 'cmake_clean_first': False, 'cmake_force_configure': False, 'cmake_target': None, 'cmake_target_skip_unavailable': False, 'install_base': '/home/baymax/dev_ws/install/bt_controller', 'merge_install': False, 'path': '/home/baymax/dev_ws/src/bt_controller', 'symlink_install': False, 'test_result_base': None}
[0.988s] INFO:colcon.colcon_core.executor:Executing jobs using 'parallel' executor
[0.990s] DEBUG:colcon.colcon_parallel_executor.executor.parallel:run_until_complete
[0.990s] INFO:colcon.colcon_ros.task.ament_cmake.build:Building ROS package in '/home/baymax/dev_ws/src/articubot_one' with build type 'ament_cmake'
[0.991s] INFO:colcon.colcon_cmake.task.cmake.build:Building CMake package in '/home/baymax/dev_ws/src/articubot_one'
[1.000s] INFO:colcon.colcon_core.plugin_system:Skipping extension 'colcon_core.shell.bat': Not used on non-Windows systems
[1.001s] INFO:colcon.colcon_core.shell:Skip shell extension 'powershell' for command environment: Not usable outside of PowerShell
[1.001s] DEBUG:colcon.colcon_core.shell:Skip shell extension 'dsv' for command environment
[1.018s] INFO:colcon.colcon_ros.task.ament_cmake.build:Building ROS package in '/home/baymax/dev_ws/src/bt_controller' with build type 'ament_cmake'
[1.019s] INFO:colcon.colcon_cmake.task.cmake.build:Building CMake package in '/home/baymax/dev_ws/src/bt_controller'
[1.019s] INFO:colcon.colcon_core.shell:Skip shell extension 'powershell' for command environment: Not usable outside of PowerShell
[1.019s] DEBUG:colcon.colcon_core.shell:Skip shell extension 'dsv' for command environment
[1.043s] DEBUG:colcon.colcon_core.event_handler.log_command:Invoking command in '/home/baymax/dev_ws/build/articubot_one': CMAKE_PREFIX_PATH=${CMAKE_PREFIX_PATH}:/home/baymax/turtlebot4_ws/install/turtlebot4_tests:/home/baymax/turtlebot4_ws/install/turtlebot4_diagnostics:/home/baymax/turtlebot4_ws/install/create3_teleop:/home/baymax/turtlebot4_ws/install/create3_examples_py:/opt/ros/humble /usr/bin/cmake --build /home/baymax/dev_ws/build/articubot_one -- -j8 -l8
[1.062s] DEBUG:colcon.colcon_core.event_handler.log_command:Invoking command in '/home/baymax/dev_ws/build/bt_controller': CMAKE_PREFIX_PATH=${CMAKE_PREFIX_PATH}:/home/baymax/turtlebot4_ws/install/turtlebot4_tests:/home/baymax/turtlebot4_ws/install/turtlebot4_diagnostics:/home/baymax/turtlebot4_ws/install/create3_teleop:/home/baymax/turtlebot4_ws/install/create3_examples_py:/opt/ros/humble /usr/bin/cmake --build /home/baymax/dev_ws/build/bt_controller -- -j8 -l8
[1.147s] DEBUG:colcon.colcon_core.event_handler.log_command:Invoked command in '/home/baymax/dev_ws/build/articubot_one' returned '0': CMAKE_PREFIX_PATH=${CMAKE_PREFIX_PATH}:/home/baymax/turtlebot4_ws/install/turtlebot4_tests:/home/baymax/turtlebot4_ws/install/turtlebot4_diagnostics:/home/baymax/turtlebot4_ws/install/create3_teleop:/home/baymax/turtlebot4_ws/install/create3_examples_py:/opt/ros/humble /usr/bin/cmake --build /home/baymax/dev_ws/build/articubot_one -- -j8 -l8
[1.177s] DEBUG:colcon.colcon_core.event_handler.log_command:Invoking command in '/home/baymax/dev_ws/build/articubot_one': CMAKE_PREFIX_PATH=${CMAKE_PREFIX_PATH}:/home/baymax/turtlebot4_ws/install/turtlebot4_tests:/home/baymax/turtlebot4_ws/install/turtlebot4_diagnostics:/home/baymax/turtlebot4_ws/install/create3_teleop:/home/baymax/turtlebot4_ws/install/create3_examples_py:/opt/ros/humble /usr/bin/cmake --install /home/baymax/dev_ws/build/articubot_one
[1.201s] Level 1:colcon.colcon_core.environment:create_environment_scripts_only(articubot_one)
[1.215s] DEBUG:colcon.colcon_core.event_handler.log_command:Invoked command in '/home/baymax/dev_ws/build/articubot_one' returned '0': CMAKE_PREFIX_PATH=${CMAKE_PREFIX_PATH}:/home/baymax/turtlebot4_ws/install/turtlebot4_tests:/home/baymax/turtlebot4_ws/install/turtlebot4_diagnostics:/home/baymax/turtlebot4_ws/install/create3_teleop:/home/baymax/turtlebot4_ws/install/create3_examples_py:/opt/ros/humble /usr/bin/cmake --install /home/baymax/dev_ws/build/articubot_one
[1.221s] Level 1:colcon.colcon_core.environment:checking '/home/baymax/dev_ws/install/articubot_one' for CMake module files
[1.223s] Level 1:colcon.colcon_core.environment:checking '/home/baymax/dev_ws/install/articubot_one' for CMake config files
[1.224s] Level 1:colcon.colcon_core.shell:create_environment_hook('articubot_one', 'cmake_prefix_path')
[1.225s] INFO:colcon.colcon_core.shell:Creating environment hook '/home/baymax/dev_ws/install/articubot_one/share/articubot_one/hook/cmake_prefix_path.ps1'
[1.226s] INFO:colcon.colcon_core.shell:Creating environment descriptor '/home/baymax/dev_ws/install/articubot_one/share/articubot_one/hook/cmake_prefix_path.dsv'
[1.227s] INFO:colcon.colcon_core.shell:Creating environment hook '/home/baymax/dev_ws/install/articubot_one/share/articubot_one/hook/cmake_prefix_path.sh'
[1.229s] Level 1:colcon.colcon_core.environment:checking '/home/baymax/dev_ws/install/articubot_one/bin'
[1.229s] Level 1:colcon.colcon_core.environment:checking '/home/baymax/dev_ws/install/articubot_one/lib/pkgconfig/articubot_one.pc'
[1.229s] Level 1:colcon.colcon_core.environment:checking '/home/baymax/dev_ws/install/articubot_one/lib/python3.10/site-packages'
[1.230s] Level 1:colcon.colcon_core.environment:checking '/home/baymax/dev_ws/install/articubot_one/bin'
[1.230s] INFO:colcon.colcon_core.shell:Creating package script '/home/baymax/dev_ws/install/articubot_one/share/articubot_one/package.ps1'
[1.231s] INFO:colcon.colcon_core.shell:Creating package descriptor '/home/baymax/dev_ws/install/articubot_one/share/articubot_one/package.dsv'
[1.232s] INFO:colcon.colcon_core.shell:Creating package script '/home/baymax/dev_ws/install/articubot_one/share/articubot_one/package.sh'
[1.235s] INFO:colcon.colcon_core.shell:Creating package script '/home/baymax/dev_ws/install/articubot_one/share/articubot_one/package.bash'
[1.239s] INFO:colcon.colcon_core.shell:Creating package script '/home/baymax/dev_ws/install/articubot_one/share/articubot_one/package.zsh'
[1.240s] Level 1:colcon.colcon_core.environment:create_file_with_runtime_dependencies(/home/baymax/dev_ws/install/articubot_one/share/colcon-core/packages/articubot_one)
[1.241s] Level 1:colcon.colcon_core.environment:create_environment_scripts_only(articubot_one)
[1.241s] Level 1:colcon.colcon_core.environment:checking '/home/baymax/dev_ws/install/articubot_one' for CMake module files
[1.242s] Level 1:colcon.colcon_core.environment:checking '/home/baymax/dev_ws/install/articubot_one' for CMake config files
[1.243s] Level 1:colcon.colcon_core.shell:create_environment_hook('articubot_one', 'cmake_prefix_path')
[1.243s] INFO:colcon.colcon_core.shell:Creating environment hook '/home/baymax/dev_ws/install/articubot_one/share/articubot_one/hook/cmake_prefix_path.ps1'
[1.244s] INFO:colcon.colcon_core.shell:Creating environment descriptor '/home/baymax/dev_ws/install/articubot_one/share/articubot_one/hook/cmake_prefix_path.dsv'
[1.244s] INFO:colcon.colcon_core.shell:Creating environment hook '/home/baymax/dev_ws/install/articubot_one/share/articubot_one/hook/cmake_prefix_path.sh'
[1.245s] Level 1:colcon.colcon_core.environment:checking '/home/baymax/dev_ws/install/articubot_one/bin'
[1.245s] Level 1:colcon.colcon_core.environment:checking '/home/baymax/dev_ws/install/articubot_one/lib/pkgconfig/articubot_one.pc'
[1.245s] Level 1:colcon.colcon_core.environment:checking '/home/baymax/dev_ws/install/articubot_one/lib/python3.10/site-packages'
[1.246s] Level 1:colcon.colcon_core.environment:checking '/home/baymax/dev_ws/install/articubot_one/bin'
[1.247s] INFO:colcon.colcon_core.shell:Creating package script '/home/baymax/dev_ws/install/articubot_one/share/articubot_one/package.ps1'
[1.247s] INFO:colcon.colcon_core.shell:Creating package descriptor '/home/baymax/dev_ws/install/articubot_one/share/articubot_one/package.dsv'
[1.248s] INFO:colcon.colcon_core.shell:Creating package script '/home/baymax/dev_ws/install/articubot_one/share/articubot_one/package.sh'
[1.250s] INFO:colcon.colcon_core.shell:Creating package script '/home/baymax/dev_ws/install/articubot_one/share/articubot_one/package.bash'
[1.251s] INFO:colcon.colcon_core.shell:Creating package script '/home/baymax/dev_ws/install/articubot_one/share/articubot_one/package.zsh'
[1.252s] Level 1:colcon.colcon_core.environment:create_file_with_runtime_dependencies(/home/baymax/dev_ws/install/articubot_one/share/colcon-core/packages/articubot_one)
[13.689s] DEBUG:colcon.colcon_core.event_handler.log_command:Invoked command in '/home/baymax/dev_ws/build/bt_controller' returned '0': CMAKE_PREFIX_PATH=${CMAKE_PREFIX_PATH}:/home/baymax/turtlebot4_ws/install/turtlebot4_tests:/home/baymax/turtlebot4_ws/install/turtlebot4_diagnostics:/home/baymax/turtlebot4_ws/install/create3_teleop:/home/baymax/turtlebot4_ws/install/create3_examples_py:/opt/ros/humble /usr/bin/cmake --build /home/baymax/dev_ws/build/bt_controller -- -j8 -l8
[13.691s] DEBUG:colcon.colcon_core.event_handler.log_command:Invoking command in '/home/baymax/dev_ws/build/bt_controller': CMAKE_PREFIX_PATH=${CMAKE_PREFIX_PATH}:/home/baymax/turtlebot4_ws/install/turtlebot4_tests:/home/baymax/turtlebot4_ws/install/turtlebot4_diagnostics:/home/baymax/turtlebot4_ws/install/create3_teleop:/home/baymax/turtlebot4_ws/install/create3_examples_py:/opt/ros/humble /usr/bin/cmake --install /home/baymax/dev_ws/build/bt_controller
[13.710s] Level 1:colcon.colcon_core.environment:create_environment_scripts_only(bt_controller)
[13.711s] Level 1:colcon.colcon_core.environment:checking '/home/baymax/dev_ws/install/bt_controller' for CMake module files
[13.712s] DEBUG:colcon.colcon_core.event_handler.log_command:Invoked command in '/home/baymax/dev_ws/build/bt_controller' returned '0': CMAKE_PREFIX_PATH=${CMAKE_PREFIX_PATH}:/home/baymax/turtlebot4_ws/install/turtlebot4_tests:/home/baymax/turtlebot4_ws/install/turtlebot4_diagnostics:/home/baymax/turtlebot4_ws/install/create3_teleop:/home/baymax/turtlebot4_ws/install/create3_examples_py:/opt/ros/humble /usr/bin/cmake --install /home/baymax/dev_ws/build/bt_controller
[13.712s] Level 1:colcon.colcon_core.environment:checking '/home/baymax/dev_ws/install/bt_controller' for CMake config files
[13.713s] Level 1:colcon.colcon_core.shell:create_environment_hook('bt_controller', 'cmake_prefix_path')
[13.713s] INFO:colcon.colcon_core.shell:Creating environment hook '/home/baymax/dev_ws/install/bt_controller/share/bt_controller/hook/cmake_prefix_path.ps1'
[13.714s] INFO:colcon.colcon_core.shell:Creating environment descriptor '/home/baymax/dev_ws/install/bt_controller/share/bt_controller/hook/cmake_prefix_path.dsv'
[13.714s] INFO:colcon.colcon_core.shell:Creating environment hook '/home/baymax/dev_ws/install/bt_controller/share/bt_controller/hook/cmake_prefix_path.sh'
[13.715s] Level 1:colcon.colcon_core.environment:checking '/home/baymax/dev_ws/install/bt_controller/lib'
[13.715s] Level 1:colcon.colcon_core.environment:checking '/home/baymax/dev_ws/install/bt_controller/bin'
[13.715s] Level 1:colcon.colcon_core.environment:checking '/home/baymax/dev_ws/install/bt_controller/lib/pkgconfig/bt_controller.pc'
[13.716s] Level 1:colcon.colcon_core.environment:checking '/home/baymax/dev_ws/install/bt_controller/lib/python3.10/site-packages'
[13.717s] Level 1:colcon.colcon_core.environment:checking '/home/baymax/dev_ws/install/bt_controller/bin'
[13.717s] INFO:colcon.colcon_core.shell:Creating package script '/home/baymax/dev_ws/install/bt_controller/share/bt_controller/package.ps1'
[13.718s] INFO:colcon.colcon_core.shell:Creating package descriptor '/home/baymax/dev_ws/install/bt_controller/share/bt_controller/package.dsv'
[13.718s] INFO:colcon.colcon_core.shell:Creating package script '/home/baymax/dev_ws/install/bt_controller/share/bt_controller/package.sh'
[13.719s] INFO:colcon.colcon_core.shell:Creating package script '/home/baymax/dev_ws/install/bt_controller/share/bt_controller/package.bash'
[13.719s] INFO:colcon.colcon_core.shell:Creating package script '/home/baymax/dev_ws/install/bt_controller/share/bt_controller/package.zsh'
[13.720s] Level 1:colcon.colcon_core.environment:create_file_with_runtime_dependencies(/home/baymax/dev_ws/install/bt_controller/share/colcon-core/packages/bt_controller)
[13.720s] Level 1:colcon.colcon_core.environment:create_environment_scripts_only(bt_controller)
[13.721s] Level 1:colcon.colcon_core.environment:checking '/home/baymax/dev_ws/install/bt_controller' for CMake module files
[13.721s] Level 1:colcon.colcon_core.environment:checking '/home/baymax/dev_ws/install/bt_controller' for CMake config files
[13.721s] Level 1:colcon.colcon_core.shell:create_environment_hook('bt_controller', 'cmake_prefix_path')
[13.722s] INFO:colcon.colcon_core.shell:Creating environment hook '/home/baymax/dev_ws/install/bt_controller/share/bt_controller/hook/cmake_prefix_path.ps1'
[13.722s] INFO:colcon.colcon_core.shell:Creating environment descriptor '/home/baymax/dev_ws/install/bt_controller/share/bt_controller/hook/cmake_prefix_path.dsv'
[13.722s] INFO:colcon.colcon_core.shell:Creating environment hook '/home/baymax/dev_ws/install/bt_controller/share/bt_controller/hook/cmake_prefix_path.sh'
[13.723s] Level 1:colcon.colcon_core.environment:checking '/home/baymax/dev_ws/install/bt_controller/lib'
[13.723s] Level 1:colcon.colcon_core.environment:checking '/home/baymax/dev_ws/install/bt_controller/bin'
[13.723s] Level 1:colcon.colcon_core.environment:checking '/home/baymax/dev_ws/install/bt_controller/lib/pkgconfig/bt_controller.pc'
[13.723s] Level 1:colcon.colcon_core.environment:checking '/home/baymax/dev_ws/install/bt_controller/lib/python3.10/site-packages'
[13.724s] Level 1:colcon.colcon_core.environment:checking '/home/baymax/dev_ws/install/bt_controller/bin'
[13.724s] INFO:colcon.colcon_core.shell:Creating package script '/home/baymax/dev_ws/install/bt_controller/share/bt_controller/package.ps1'
[13.724s] INFO:colcon.colcon_core.shell:Creating package descriptor '/home/baymax/dev_ws/install/bt_controller/share/bt_controller/package.dsv'
[13.725s] INFO:colcon.colcon_core.shell:Creating package script '/home/baymax/dev_ws/install/bt_controller/share/bt_controller/package.sh'
[13.725s] INFO:colcon.colcon_core.shell:Creating package script '/home/baymax/dev_ws/install/bt_controller/share/bt_controller/package.bash'
[13.726s] INFO:colcon.colcon_core.shell:Creating package script '/home/baymax/dev_ws/install/bt_controller/share/bt_controller/package.zsh'
[13.726s] Level 1:colcon.colcon_core.environment:create_file_with_runtime_dependencies(/home/baymax/dev_ws/install/bt_controller/share/colcon-core/packages/bt_controller)
[13.726s] DEBUG:colcon.colcon_parallel_executor.executor.parallel:closing loop
[13.727s] DEBUG:colcon.colcon_parallel_executor.executor.parallel:loop closed
[13.727s] DEBUG:colcon.colcon_parallel_executor.executor.parallel:run_until_complete finished with '0'
[13.727s] DEBUG:colcon.colcon_core.event_reactor:joining thread
[13.733s] INFO:colcon.colcon_core.plugin_system:Skipping extension 'colcon_notification.desktop_notification.terminal_notifier': Not used on non-Darwin systems
[13.733s] INFO:colcon.colcon_core.plugin_system:Skipping extension 'colcon_notification.desktop_notification.win32': Not used on non-Windows systems
[13.733s] INFO:colcon.colcon_notification.desktop_notification:Sending desktop notification using 'notify2'
[13.746s] DEBUG:colcon.colcon_core.event_reactor:joined thread
[13.746s] INFO:colcon.colcon_core.shell:Creating prefix script '/home/baymax/dev_ws/install/local_setup.ps1'
[13.747s] INFO:colcon.colcon_core.shell:Creating prefix util module '/home/baymax/dev_ws/install/_local_setup_util_ps1.py'
[13.749s] INFO:colcon.colcon_core.shell:Creating prefix chain script '/home/baymax/dev_ws/install/setup.ps1'
[13.752s] INFO:colcon.colcon_core.shell:Creating prefix script '/home/baymax/dev_ws/install/local_setup.sh'
[13.752s] INFO:colcon.colcon_core.shell:Creating prefix util module '/home/baymax/dev_ws/install/_local_setup_util_sh.py'
[13.753s] INFO:colcon.colcon_core.shell:Creating prefix chain script '/home/baymax/dev_ws/install/setup.sh'
[13.756s] INFO:colcon.colcon_core.shell:Creating prefix script '/home/baymax/dev_ws/install/local_setup.bash'
[13.756s] INFO:colcon.colcon_core.shell:Creating prefix chain script '/home/baymax/dev_ws/install/setup.bash'
[13.759s] INFO:colcon.colcon_core.shell:Creating prefix script '/home/baymax/dev_ws/install/local_setup.zsh'
[13.759s] INFO:colcon.colcon_core.shell:Creating prefix chain script '/home/baymax/dev_ws/install/setup.zsh'
