[35m[1mConsolidate compiler generated dependencies of target bt_main[0m
[ 50%] [32mBuilding CXX object CMakeFiles/bt_main.dir/src/bt_main.cpp.o[0m
[100%] [32m[1mLinking CXX executable bt_main[0m
[100%] Built target bt_main
-- Install configuration: ""
-- Installing: /home/baymax/dev_ws/install/bt_controller/lib/bt_controller/bt_main
-- Set runtime path of "/home/baymax/dev_ws/install/bt_controller/lib/bt_controller/bt_main" to ""
-- Up-to-date: /home/baymax/dev_ws/install/bt_controller/share/bt_controller/bt_xml
-- Installing: /home/baymax/dev_ws/install/bt_controller/share/bt_controller/bt_xml/simple_bt.xml
-- Up-to-date: /home/baymax/dev_ws/install/bt_controller/share/ament_index/resource_index/package_run_dependencies/bt_controller
-- Up-to-date: /home/baymax/dev_ws/install/bt_controller/share/ament_index/resource_index/parent_prefix_path/bt_controller
-- Up-to-date: /home/baymax/dev_ws/install/bt_controller/share/bt_controller/environment/ament_prefix_path.sh
-- Up-to-date: /home/baymax/dev_ws/install/bt_controller/share/bt_controller/environment/ament_prefix_path.dsv
-- Up-to-date: /home/baymax/dev_ws/install/bt_controller/share/bt_controller/environment/path.sh
-- Up-to-date: /home/baymax/dev_ws/install/bt_controller/share/bt_controller/environment/path.dsv
-- Up-to-date: /home/baymax/dev_ws/install/bt_controller/share/bt_controller/local_setup.bash
-- Up-to-date: /home/baymax/dev_ws/install/bt_controller/share/bt_controller/local_setup.sh
-- Up-to-date: /home/baymax/dev_ws/install/bt_controller/share/bt_controller/local_setup.zsh
-- Up-to-date: /home/baymax/dev_ws/install/bt_controller/share/bt_controller/local_setup.dsv
-- Installing: /home/baymax/dev_ws/install/bt_controller/share/bt_controller/package.dsv
-- Up-to-date: /home/baymax/dev_ws/install/bt_controller/share/ament_index/resource_index/packages/bt_controller
-- Up-to-date: /home/baymax/dev_ws/install/bt_controller/share/bt_controller/cmake/bt_controllerConfig.cmake
-- Up-to-date: /home/baymax/dev_ws/install/bt_controller/share/bt_controller/cmake/bt_controllerConfig-version.cmake
-- Up-to-date: /home/baymax/dev_ws/install/bt_controller/share/bt_controller/package.xml
